<?xml version="1.0" encoding="UTF-8"?>
<testsuite xmlns:xsi="http://www.w3.org/2001/XMLSchema-instance" xsi:noNamespaceSchemaLocation="https://maven.apache.org/surefire/maven-surefire-plugin/xsd/surefire-test-report.xsd" name="deqo.afuz.mysimplestack.ItemTest" time="0.19" tests="5" errors="0" skipped="0" failures="0">
  <properties>
[...]
</properties>
  <testcase name="getSize" classname="deqo.afuz.mysimplestack.ItemTest" time="0.189"/>
  <testcase name="pop" classname="deqo.afuz.mysimplestack.ItemTest" time="0"/>
  <testcase name="peek" classname="deqo.afuz.mysimplestack.ItemTest" time="0"/>
  <testcase name="push" classname="deqo.afuz.mysimplestack.ItemTest" time="0"/>
  <testcase name="isEmpty" classname="deqo.afuz.mysimplestack.ItemTest" time="0"/>
</testsuite>